1652199723496:help
1652199728527:cleat
1652199731664:clear
1652210546811:exit
1652212072798:рудз
1652212075055:help
1652212077476:exit
1652294494016:aab
1652294498005:help
1652294501901:exit
1652301836166:aab
1652301843473:exit
1652301980693:aab
1652301988356:stacktrace
1652302033496:aab
1652302042867:stacktrace
1652332750931:aab
1652332762678:stacktrace
1652332865946:aab
1652332872679:stacktrace
1652333044877:aab
1652333048354:stacktrace
1652333630905:exit
1652335282058:help
1652335284654:aab
1652335419526:stacktrace
1652335433563:val title = TITLE_BOOK;
1652335600719:aab
1652335764303:exit
1652335811096:aab
1652336135761:sB
1652336141716:exit
1652338201238:sB
1652340201523:sb
1652340204361:exit
1652340237248:s
1652340238706:SB
1652340241941:sB
1652340301144:stacktrace
1652340441311:sB
1652341103084:exit
1652342160735:sB
1652342174680:exit
1652342469055:sB
1652342479407:stacktrace
1652344093292:sB
1652344109840:exit
1652344655495:sB
1652344660431:qwe
1652344665386:stacktrace
1652344806958:sB
1652344825090:q
1652344828437:sB
1652344836435:exit
1652345355125:sB
1652345385447:exit
1652345730275:sB
1652345817759:stackrace
1652345823386:stacktrace
1652346293237:sB
1652346317065:stacktrace
1652346332773:exit
1652350572535:sB
1652350595014:stacktrace
1652350615975:exit
1652352198756:sB
1652352272448:exit
1652353260471:sB
1652353293896:exit
1652355231477:qwert
1652355265486:stacktrace
1652355370801:help
1652355383209:sB
1652355473926:help
1652355503222:exit
1652355736268:sB
1652356512072:exit
1652356593729:sB
1652356674008:stacktrace
1652356964367:sB
1652357275764:stacktrace
1652357422027:sB
1652357741946:exit
1652358221421:sB
1652358692518:exit
1652359011302:sB
1652359516694:stacktrace
1652359572588:sB
1652360607963:exit
1652360685494:sB
1652362765703:stacktrace
1652362886469:sB
1652363235676:exit
1652363533692:sB
1652418253043:exit
1652462067198:sB
1652462103309:exit
1652463182156:shB
1652463194469:stacktrace
1652463247068:shB
1652463258029:stacktrace
1652463322623:shB
1652463757927:sB
1652463775036:shB
1652463779837:exit
1652464521158:shB
1652466245498:help
1652466287959:srB
1652466902153:dB
1652466926708:stacktrace
1652466983949:dB
1652466994936:sB
1652467015879:shB
1652467018957:dB
1652467024609:shB
1652467032740:exit
1652467333985:utB
1652467343878:shB
1652468341423:shA
1652468348000:sA
1652468369430:shA
1652468567682:sA
1652468583956:shA
1652468880091:exit
1652470022135:shC
1652470649547:nC
1652470660696:exit
1652470722197:sC
1652470724357:nC
1652470736905:exit
1652471297707:sB
1652471312797:exit
1652471813327:nC
1652471853825:exit
1652472974790:shbC
1652472986785:stacktrace
1652473030017:shbC
1652473413946:exit
1652473428056:shbC
1652473432647:stacktrace
1652473630857:shbC
1652473988197:stacktrace
1652474059506:shbC
1652474425827:dB
1652474431876:shB
1652474447715:dB
1652474451977:shB
1652474455767:dB
1652474464156:shB
1652474946397:exit
1652563317711:shbC
1652603998158:sC
1652604001315:help
1652604008250:nC
