1652558560361:exit
1652560146921:saveAuthor
1652560152610:saveA
1652560316158:exit
1652560584130:showA
1652560594279:saveA
1652560600213:showA
1652561456744:deleteA
1652561470243:showA
1652561480041:deleteA
1652561485963:exit
1652562384637:showG
1652562389744:saveG
1652562395826:showG
1652562400272:deleteG
1652562405959:showG
1652563673178:deleteA
1652563678597:exit
1652603261781:saveC
1652603268393:showC
1652603280444:showBookC
1652603647214:saveC
1652603695328:stacktrace
1652603747898:saveC
1652604127397:stacktrace
1652604162896:saveC
1652604473438:showC
1652604565818:showBookC
1652604603041:saveC
1652604740487:exit
1652604820767:showBookC
1652604841151:saveC
1652604859031:showBookC
1652605116065:deleteC
1652605122264:showBookC
1652605135236:deleteC
1652605225673:showBookC
1652605234730:exit
1652605383908:showBookC
1652605394270:saveC
1652605436594:showC
1652605444207:showBookC
1652605449974:deleteC
1652605465304:showBookC
1652605583168:saveC
1652605598907:showBookC
1652605606948:deleteC
1652605618020:showBookC
1652605701268:deleteC
1652605727899:exit
1652605904960:deleteC
1652605914361:exit
1652605945887:showBookC
1652605952941:showC
1652605958045:saveC
1652605976813:showBookC
1652605982020:deleteC
1652605990556:showBookC
1652606757374:showAllB
1652607219644:searchB
1652608091794:updateB
1652609160880:showAllB
1652609281271:searchB
1652609289585:updateB
1652609304633:stacktrace
1652609415514:updateB
1652609425272:stacktrace
1652610863134:saveB
1652610933883:stacktrace
1652613276480:saveB
1652613784273:exit
1652614061436:updateB
1652614073590:exit
1652614187310:updateB
1652614194293:exit
1652614462013:updateB
1652615285075:showAllB
1652615311532:updateB
1652615320834:showAllB
1652617269406:dB
1652617276013:exit
1652617313681:dB
1652617511039:updateB
1652617519340:showAllB
1652617543239:updateB
1652619115705:showBookC
1652619940446:showAllB
1652619943011:exit
