1652085329479:do
1652085746469:help
1652085795558:l
1652085801739:login vadim
1652085840498:l vadim
1652085907198:help
1652085909239:l
1652085913328:l vadim
1652085919629:login vadim
1652086708304:ab
1652086811089:help
1652086820486:ab
1652086927567:ab stacktrace
1652086933599:stacktrace
1652087110567:ab
1652087117031:stacktrace
1652087180648:ab
1652087185758:help
1652087188161:ab
1652087192790:stacktrace
1652087532295:l
1652087536276:aa
1652088278500:ab
1652088809604:aa
1652088811169:l
1652088815898:ab
1652088822350:stacktrace
1652089123869:aa
1652089126048:ab
1652092377971:aa
1652092380783:bb
1652092383013:av
1652092384430:ab
1652097714196:aa
1652097716180:ab
1652097734213:stacktrace
1652097841099:ab
1652097842786:aa
1652097843955:av
1652097845251:ab
1652097918583:exit
1652099023081:aa
1652099423022:ab
1652099432122:stacktrace
1652099472802:ab
1652099811562:help
1652099822700:sab
1652101110892:help
1652101117594:saa
1652101120902:sag
1652101126660:sab
1652101621920:sbID
1652101637242:sab
1652101734921:sbID
1652101751621:exit
1652101879161:sbID
1652101922439:stacktrace
1652101958731:sab
1652101978481:sabID 1
1652102089810:sabID 1L
1652102111862:sabID 1
1652102125951:sabID 3
1652102143612:sabID 1
1652102214531:sabId
1652102220971:sabID 2
1652102226851:stacktrace
1652102303621:exit
1652102338161:sabID
1652102341948:sab
1652102345753:sabID 2
1652102470132:sabID
1652102478571:sabID 2
1652102483292:stacktace
1652102489869:stacktrace
1652102573951:sab
1652102577301:sabID 2
1652102787519:sabID
1652102835732:sab
1652103023021:sabID 1
1652103034051:stacktrace
1652103065822:sabID 2
1652103069222:stacktrace
1652103188563:sabID
1652103196131:sabID 2l
1652103213226:sabID 2
1652103329111:stacktrace
1652103530650:sabID
1652103535742:stacktrace
1652103593962:sabID 2
1652103612452:sabID 1
1652103638000:sab
1652103642242:sabID 2
1652104089012:saa
1652104092612:saaID
1652104205981:saa
1652104209292:saaID 2
1652104234502:saaID
1652104239772:saaID 2
1652104384481:sabID 2
1652104491230:sabID
1652104494342:stacktrace
1652104564270:sabID
1652104671883:sab
1652104706081:sabID 2
1652104737242:sabID
1652104741414:stacktrace
1652104827241:sabID
1652104923151:stacktrace
1652105025291:sabID
1652105028792:sab
1652105036291:sabID 1
1652105236732:stacktrace
1652105397442:sab
1652105399862:sabID
1652105470969:sab
1652105473542:exit
1652105606132:sab
1652105644834:sabID 2
1652105677920:sab
1652105681842:sabID
1652107612324:dabID 1
1652107622791:sab
1652107683642:dab
1652107689301:dabID 1
1652107696571:sabID 2
1652107896457:dabID 1
1652108295532:aabID
1652108320543:aab
1652109655733:aab 3 awd 123 1 1
1652109660376:aab
1652109678693:aab 1,adaw,2,2,2
1652109695363:aab 1
1652109711183:aab 1 2 2 2 2
1652109719273:stacktrace
1652109890013:aab 2 2 2 2 2
1652109924843:stacktrace
1652109969633:aab 2 awd 2 2 2
1652109978971:stacktrace
1652109996016:exit
1652110624743:aab 1 'aad' 2 2 2
1652110653883:aab 1,'aaawd',2,2,2
1652110664033:aab 1 'aad' 2 2 2
1652110677602:aab 1 aad 2 2 2
1652110955373:aab
1652110988461:stacktrace
1652111012312:aab
1652111069532:stacktrace
1652111137963:aab
1652111265492:stacktrace
1652111301272:aab
1652111473732:stacktrace
1652111514261:aab
1652111523513:stacktrace
1652111734923:aab
1652112134961:stacktrace
1652112251550:aab
1652112301157:sab
1652112303442:aab
1652112306057:sab
1652112350242:aab
1652112384153:sab
1652112385952:aab
1652112420755:sab
1652112424027:aab
1652112540935:sab
